<?xml version="1.0" encoding="UTF-8"?>
<!-- Generated by org.testng.reporters.JUnitXMLReporter -->
<testsuite hostname="MikhailS" name="Default test" tests="6" failures="0" timestamp="30 Aug 2015 17:43:45 GMT" time="11.463" errors="0">
  <testcase name="modifySomeGroup" time="1.357" classname="addressbook.tests.GroupModificationTests"/>
  <testcase name="testNonEmptyGroupCreation" time="0.97" classname="addressbook.tests.NonEmptyGroupCreation"/>
  <testcase name="deleteSomeGroup" time="0.867" classname="addressbook.tests.GroupRemovalTests"/>
  <testcase name="testAddEmptyContact" time="1.568" classname="addressbook.tests.EmptyContactCreation"/>
  <testcase name="testAddContact" time="1.624" classname="addressbook.tests.AddContact"/>
  <testcase name="testNonEmptyGroupCreation" time="0.843" classname="addressbook.tests.EmptyGroupCreation"/>
</testsuite> <!-- Default test -->
