<?xml version="1.0" encoding="UTF-8"?>
<!-- Generated by org.testng.reporters.JUnitXMLReporter -->
<testsuite hostname="MikhailS" name="Default test" tests="8" failures="0" timestamp="10 Sep 2015 15:21:52 GMT" time="8.618" errors="0">
  <testcase name="modifySomeGroup" time="0.866" classname="addressbook.tests.GroupModificationTests"/>
  <testcase name="modifySomeContact" time="0.576" classname="addressbook.tests.ContactModificationTest"/>
  <testcase name="deleteSomeGroup" time="0.5" classname="addressbook.tests.GroupRemovalTests"/>
  <testcase name="testNonEmptyGroupCreation" time="0.676" classname="addressbook.tests.NonEmptyGroupCreation"/>
  <testcase name="testAddContact" time="1.149" classname="addressbook.tests.AddContact"/>
  <testcase name="testAddEmptyContact" time="0.919" classname="addressbook.tests.EmptyContactCreation"/>
  <testcase name="deleteSomeContact" time="0.471" classname="addressbook.tests.ContactRemovalTest"/>
  <testcase name="testNonEmptyGroupCreation" time="0.601" classname="addressbook.tests.EmptyGroupCreation"/>
</testsuite> <!-- Default test -->
