<?xml version="1.0" encoding="UTF-8"?>
<testng-results skipped="0" failed="0" total="1" passed="1">
  <reporter-output>
  </reporter-output>
  <suite name="Default suite" duration-ms="3694" started-at="2015-08-30T17:00:58Z" finished-at="2015-08-30T17:01:01Z">
    <groups>
    </groups>
    <test name="Default test" duration-ms="3694" started-at="2015-08-30T17:00:58Z" finished-at="2015-08-30T17:01:01Z">
      <class name="addressbook.tests.GroupModificationTests">
        <test-method status="PASS" signature="setUp()[pri:0, instance:addressbook.tests.GroupModificationTests@707561aa]" name="setUp" is-config="true" duration-ms="2514" started-at="2015-08-30T20:00:58Z" finished-at="2015-08-30T20:01:00Z">
          <reporter-output>
          </reporter-output>
        </test-method> <!-- setUp -->
        <test-method status="PASS" signature="modifySomeGroup()[pri:0, instance:addressbook.tests.GroupModificationTests@707561aa]" name="modifySomeGroup" duration-ms="849" started-at="2015-08-30T20:01:00Z" finished-at="2015-08-30T20:01:01Z">
          <reporter-output>
          </reporter-output>
        </test-method> <!-- modifySomeGroup -->
        <test-method status="PASS" signature="tearDown()[pri:0, instance:addressbook.tests.GroupModificationTests@707561aa]" name="tearDown" is-config="true" duration-ms="323" started-at="2015-08-30T20:01:01Z" finished-at="2015-08-30T20:01:01Z">
          <reporter-output>
          </reporter-output>
        </test-method> <!-- tearDown -->
      </class> <!-- addressbook.tests.GroupModificationTests -->
    </test> <!-- Default test -->
  </suite> <!-- Default suite -->
</testng-results>
